0 info it worked if it ends with ok
1 verbose cli [ '/Users/animesh/.nvm/versions/node/v6.5.0/bin/node',
1 verbose cli   '/Users/animesh/.nvm/versions/node/v6.5.0/bin/npm',
1 verbose cli   'run',
1 verbose cli   'build:dev' ]
2 info using npm@3.10.3
3 info using node@v6.5.0
4 verbose run-script [ 'prebuild:dev', 'build:dev', 'postbuild:dev' ]
5 info lifecycle moviedb@0.0.0~prebuild:dev: moviedb@0.0.0
6 silly lifecycle moviedb@0.0.0~prebuild:dev: no script for prebuild:dev, continuing
7 info lifecycle moviedb@0.0.0~build:dev: moviedb@0.0.0
8 verbose lifecycle moviedb@0.0.0~build:dev: unsafe-perm in lifecycle true
9 verbose lifecycle moviedb@0.0.0~build:dev: PATH: /Users/animesh/.nvm/versions/node/v6.5.0/lib/node_modules/npm/bin/node-gyp-bin:/Users/animesh/Work/IdeaProjects/study/epamMentorship/movieDb/node_modules/.bin:/Users/animesh/.nvm/versions/node/v6.5.0/bin:/Users/animesh/.nvm/versions/node/v6.5.0/bin:/Users/animesh/Work/IdeaProjects/EPAM/google-cloud-sdk/bin:/usr/local/heroku/bin:/Users/animesh/.rvm/gems/ruby-2.1.5/bin:/Users/animesh/.rvm/gems/ruby-2.1.5@global/bin:/Users/animesh/.rvm/rubies/ruby-2.1.5/bin:/Users/animesh/Library/Android/sdk/tools:/Users/animesh/Library/Android/sdk/platform-tools:/usr/local/bin:/usr/bin:/bin:/usr/sbin:/sbin:/opt/X11/bin:/usr/local/git/bin:/Users/animesh/.rvm/bin:/Users/animesh/.rvm/bin
10 verbose lifecycle moviedb@0.0.0~build:dev: CWD: /Users/animesh/Work/IdeaProjects/study/epamMentorship/movieDb
11 silly lifecycle moviedb@0.0.0~build:dev: Args: [ '-c', 'webpack' ]
12 silly lifecycle moviedb@0.0.0~build:dev: Returned: code: 1  signal: null
13 info lifecycle moviedb@0.0.0~build:dev: Failed to exec build:dev script
14 verbose stack Error: moviedb@0.0.0 build:dev: `webpack`
14 verbose stack Exit status 1
14 verbose stack     at EventEmitter.<anonymous> (/Users/animesh/.nvm/versions/node/v6.5.0/lib/node_modules/npm/lib/utils/lifecycle.js:242:16)
14 verbose stack     at emitTwo (events.js:106:13)
14 verbose stack     at EventEmitter.emit (events.js:191:7)
14 verbose stack     at ChildProcess.<anonymous> (/Users/animesh/.nvm/versions/node/v6.5.0/lib/node_modules/npm/lib/utils/spawn.js:40:14)
14 verbose stack     at emitTwo (events.js:106:13)
14 verbose stack     at ChildProcess.emit (events.js:191:7)
14 verbose stack     at maybeClose (internal/child_process.js:877:16)
14 verbose stack     at Process.ChildProcess._handle.onexit (internal/child_process.js:226:5)
15 verbose pkgid moviedb@0.0.0
16 verbose cwd /Users/animesh/Work/IdeaProjects/study/epamMentorship/movieDb
17 error Darwin 16.5.0
18 error argv "/Users/animesh/.nvm/versions/node/v6.5.0/bin/node" "/Users/animesh/.nvm/versions/node/v6.5.0/bin/npm" "run" "build:dev"
19 error node v6.5.0
20 error npm  v3.10.3
21 error code ELIFECYCLE
22 error moviedb@0.0.0 build:dev: `webpack`
22 error Exit status 1
23 error Failed at the moviedb@0.0.0 build:dev script 'webpack'.
23 error Make sure you have the latest version of node.js and npm installed.
23 error If you do, this is most likely a problem with the moviedb package,
23 error not with npm itself.
23 error Tell the author that this fails on your system:
23 error     webpack
23 error You can get information on how to open an issue for this project with:
23 error     npm bugs moviedb
23 error Or if that isn't available, you can get their info via:
23 error     npm owner ls moviedb
23 error There is likely additional logging output above.
24 verbose exit [ 1, true ]
